<?xml version="1.0" encoding="UTF-8"?>
<coverage generated="1433789003">
  <project timestamp="1433789003">
    <package name="Fuzz\MagicBox">
      <file name="/Users/leayousoufov/Sites/web-modules/magic-box/src/EloquentRepository.php">
        <class name="EloquentRepository" namespace="Fuzz\MagicBox">
          <metrics methods="22" coveredmethods="19" conditionals="0" coveredconditionals="0" statements="120" coveredstatements="117" elements="142" coveredelements="136"/>
        </class>
        <line num="44" type="method" name="setModelClass" crap="2" count="13"/>
        <line num="46" type="stmt" count="13"/>
        <line num="47" type="stmt" count="1"/>
        <line num="50" type="stmt" count="12"/>
        <line num="52" type="stmt" count="12"/>
        <line num="60" type="method" name="getModelClass" crap="1" count="11"/>
        <line num="62" type="stmt" count="11"/>
        <line num="71" type="method" name="setInput" crap="1" count="12"/>
        <line num="73" type="stmt" count="12"/>
        <line num="75" type="stmt" count="12"/>
        <line num="83" type="method" name="getInput" crap="1" count="12"/>
        <line num="85" type="stmt" count="12"/>
        <line num="94" type="method" name="setFilters" crap="1" count="1"/>
        <line num="96" type="stmt" count="1"/>
        <line num="98" type="stmt" count="1"/>
        <line num="106" type="method" name="getFilters" crap="1" count="7"/>
        <line num="108" type="stmt" count="7"/>
        <line num="116" type="method" name="query" crap="3" count="7"/>
        <line num="118" type="stmt" count="7"/>
        <line num="120" type="stmt" count="7"/>
        <line num="122" type="stmt" count="7"/>
        <line num="123" type="stmt" count="7"/>
        <line num="125" type="stmt" count="7"/>
        <line num="127" type="stmt" count="7"/>
        <line num="129" type="stmt" count="1"/>
        <line num="130" type="stmt" count="1"/>
        <line num="131" type="stmt" count="1"/>
        <line num="132" type="stmt" count="1"/>
        <line num="133" type="stmt" count="1"/>
        <line num="134" type="stmt" count="1"/>
        <line num="135" type="stmt" count="1"/>
        <line num="136" type="stmt" count="1"/>
        <line num="138" type="stmt" count="7"/>
        <line num="147" type="method" name="find" crap="1" count="1"/>
        <line num="149" type="stmt" count="1"/>
        <line num="158" type="method" name="findOrFail" crap="1" count="5"/>
        <line num="160" type="stmt" count="5"/>
        <line num="168" type="method" name="all" crap="1" count="1"/>
        <line num="170" type="stmt" count="1"/>
        <line num="179" type="method" name="paginate" crap="2" count="0"/>
        <line num="181" type="stmt" count="0"/>
        <line num="189" type="method" name="count" crap="2" count="0"/>
        <line num="191" type="stmt" count="0"/>
        <line num="199" type="method" name="hasAny" crap="2" count="0"/>
        <line num="201" type="stmt" count="0"/>
        <line num="209" type="method" name="getInputId" crap="2" count="6"/>
        <line num="211" type="stmt" count="6"/>
        <line num="213" type="stmt" count="6"/>
        <line num="214" type="stmt" count="1"/>
        <line num="217" type="stmt" count="5"/>
        <line num="227" type="method" name="fill" crap="10" count="11"/>
        <line num="229" type="stmt" count="11"/>
        <line num="230" type="stmt" count="11"/>
        <line num="231" type="stmt" count="11"/>
        <line num="232" type="stmt" count="11"/>
        <line num="234" type="stmt" count="11"/>
        <line num="235" type="stmt" count="9"/>
        <line num="236" type="stmt" count="5"/>
        <line num="237" type="stmt" count="5"/>
        <line num="238" type="stmt" count="5"/>
        <line num="240" type="stmt" count="5"/>
        <line num="241" type="stmt" count="3"/>
        <line num="242" type="stmt" count="3"/>
        <line num="243" type="stmt" count="4"/>
        <line num="244" type="stmt" count="4"/>
        <line num="245" type="stmt" count="4"/>
        <line num="246" type="stmt" count="4"/>
        <line num="247" type="stmt" count="4"/>
        <line num="249" type="stmt" count="5"/>
        <line num="250" type="stmt" count="9"/>
        <line num="251" type="stmt" count="9"/>
        <line num="252" type="stmt" count="9"/>
        <line num="253" type="stmt" count="11"/>
        <line num="255" type="stmt" count="11"/>
        <line num="256" type="stmt" count="11"/>
        <line num="257" type="stmt" count="11"/>
        <line num="259" type="stmt" count="11"/>
        <line num="269" type="method" name="applyRelations" crap="2" count="11"/>
        <line num="271" type="stmt" count="11"/>
        <line num="272" type="stmt" count="5"/>
        <line num="273" type="stmt" count="11"/>
        <line num="274" type="stmt" count="11"/>
        <line num="285" type="method" name="cascadeRelation" crap="12" count="5"/>
        <line num="288" type="stmt" count="5"/>
        <line num="289" type="stmt" count="5"/>
        <line num="291" type="stmt" count="5"/>
        <line num="292" type="stmt" count="5"/>
        <line num="295" type="stmt" count="3"/>
        <line num="296" type="stmt" count="3"/>
        <line num="297" type="stmt" count="3"/>
        <line num="298" type="stmt" count="4"/>
        <line num="300" type="stmt" count="1"/>
        <line num="301" type="stmt" count="1"/>
        <line num="302" type="stmt" count="1"/>
        <line num="303" type="stmt" count="1"/>
        <line num="304" type="stmt" count="1"/>
        <line num="305" type="stmt" count="1"/>
        <line num="308" type="stmt" count="1"/>
        <line num="309" type="stmt" count="1"/>
        <line num="310" type="stmt" count="1"/>
        <line num="311" type="stmt" count="1"/>
        <line num="312" type="stmt" count="1"/>
        <line num="313" type="stmt" count="3"/>
        <line num="316" type="stmt" count="2"/>
        <line num="317" type="stmt" count="2"/>
        <line num="318" type="stmt" count="2"/>
        <line num="319" type="stmt" count="2"/>
        <line num="320" type="stmt" count="1"/>
        <line num="321" type="stmt" count="1"/>
        <line num="324" type="stmt" count="2"/>
        <line num="325" type="stmt" count="2"/>
        <line num="326" type="stmt" count="2"/>
        <line num="327" type="stmt" count="2"/>
        <line num="329" type="stmt" count="2"/>
        <line num="331" type="stmt" count="2"/>
        <line num="332" type="stmt" count="2"/>
        <line num="335" type="stmt" count="2"/>
        <line num="336" type="stmt" count="1"/>
        <line num="337" type="stmt" count="1"/>
        <line num="338" type="stmt" count="1"/>
        <line num="340" type="stmt" count="2"/>
        <line num="343" type="stmt" count="2"/>
        <line num="344" type="stmt" count="2"/>
        <line num="345" type="stmt" count="5"/>
        <line num="346" type="stmt" count="5"/>
        <line num="353" type="method" name="create" crap="1" count="11"/>
        <line num="355" type="stmt" count="11"/>
        <line num="356" type="stmt" count="11"/>
        <line num="357" type="stmt" count="11"/>
        <line num="359" type="stmt" count="11"/>
        <line num="367" type="method" name="read" crap="1" count="5"/>
        <line num="369" type="stmt" count="5"/>
        <line num="377" type="method" name="update" crap="1" count="4"/>
        <line num="379" type="stmt" count="4"/>
        <line num="380" type="stmt" count="4"/>
        <line num="382" type="stmt" count="4"/>
        <line num="390" type="method" name="delete" crap="1" count="1"/>
        <line num="392" type="stmt" count="1"/>
        <line num="394" type="stmt" count="1"/>
        <line num="402" type="method" name="save" crap="2" count="11"/>
        <line num="404" type="stmt" count="11"/>
        <line num="406" type="stmt" count="11"/>
        <metrics loc="408" ncloc="240" classes="1" methods="22" coveredmethods="19" conditionals="0" coveredconditionals="0" statements="120" coveredstatements="117" elements="142" coveredelements="136"/>
      </file>
    </package>
    <metrics files="1" loc="408" ncloc="240" classes="1" methods="22" coveredmethods="19" conditionals="0" coveredconditionals="0" statements="120" coveredstatements="117" elements="142" coveredelements="136"/>
  </project>
</coverage>
